Using pre-set license
Built from '2020.3/staging' branch; Version is '2020.3.11f1 (99c7afb366b3) revision 10078127'; Using compiler version '192528614'; Build Type 'Release'
OS: 'Windows 10 Home Single Language; OS build 19043.1110; Version 2009; 64bit' Language: 'pt' Physical Memory: 16315 MB
BatchMode: 1, IsHumanControllingUs: 0, StartBugReporterOnCrash: 0, Is64bit: 1, IsPro: 0

 COMMAND LINE ARGUMENTS:
D:\Program Files\Unity Editors Path\2020.3.11f1\Editor\Unity.exe
-adb2
-batchMode
-noUpm
-name
AssetImportWorker0
-projectPath
D:/_PROJETOS_UNITY/Project P
-logFile
Logs/AssetImportWorker0.log
-srvPort
61458
Successfully changed project path to: D:/_PROJETOS_UNITY/Project P
D:/_PROJETOS_UNITY/Project P
Using Asset Import Pipeline V2.
Refreshing native plugins compatible for Editor in 85.50 ms, found 2 plugins.
Preloading 0 native plugins for Editor in 0.00 ms.
Initialize engine version: 2020.3.11f1 (99c7afb366b3)
[Subsystems] Discovering subsystems at path D:/Program Files/Unity Editors Path/2020.3.11f1/Editor/Data/Resources/UnitySubsystems
[Subsystems] Discovering subsystems at path D:/_PROJETOS_UNITY/Project P/Assets
GfxDevice: creating device client; threaded=0
Direct3D:
    Version:  Direct3D 11.0 [level 11.1]
    Renderer: NVIDIA GeForce RTX 2060 (ID=0x1e89)
    Vendor:   
    VRAM:     5967 MB
    Driver:   27.21.14.6627
Initialize mono
Mono path[0] = 'D:/Program Files/Unity Editors Path/2020.3.11f1/Editor/Data/Managed'
Mono path[1] = 'D:/Program Files/Unity Editors Path/2020.3.11f1/Editor/Data/MonoBleedingEdge/lib/mono/unityjit'
Mono config path = 'D:/Program Files/Unity Editors Path/2020.3.11f1/Editor/Data/MonoBleedingEdge/etc'
Using monoOptions --debugger-agent=transport=dt_socket,embedding=1,server=y,suspend=n,address=127.0.0.1:56528
Begin MonoManager ReloadAssembly
Registering precompiled unity dll's ...
Register platform support module: D:/Program Files/Unity Editors Path/2020.3.11f1/Editor/Data/PlaybackEngines/WebGLSupport/UnityEditor.WebGL.Extensions.dll
Register platform support module: D:/Program Files/Unity Editors Path/2020.3.11f1/Editor/Data/PlaybackEngines/WindowsStandaloneSupport/UnityEditor.WindowsStandalone.Extensions.dll
Registered in 0.002197 seconds.
Native extension for WindowsStandalone target not found
Native extension for WebGL target not found
Refreshing native plugins compatible for Editor in 82.65 ms, found 2 plugins.
Preloading 0 native plugins for Editor in 0.00 ms.
Mono: successfully reloaded assembly
- Completed reload, in  3.050 seconds
Platform modules already initialized, skipping
Registering precompiled user dll's ...
Registered in 0.005703 seconds.
Begin MonoManager ReloadAssembly
Native extension for WindowsStandalone target not found
Native extension for WebGL target not found
Refreshing native plugins compatible for Editor in 85.69 ms, found 2 plugins.
Preloading 0 native plugins for Editor in 0.00 ms.
Mono: successfully reloaded assembly
- Completed reload, in  1.617 seconds
Platform modules already initialized, skipping
========================================================================
Worker process is ready to serve import requests
Launched and connected shader compiler UnityShaderCompiler.exe after 0.10 seconds
Refreshing native plugins compatible for Editor in 0.84 ms, found 2 plugins.
Preloading 0 native plugins for Editor in 0.00 ms.
Unloading 4069 Unused Serialized files (Serialized files now loaded: 0)
System memory in use before: 190.4 MB.
System memory in use after: 187.4 MB.

Unloading 55 unused Assets to reduce memory usage. Loaded Objects now: 4490.
Total: 4.957500 ms (FindLiveObjects: 0.400600 ms CreateObjectMapping: 0.096900 ms MarkObjects: 2.455000 ms  DeleteObjects: 2.003600 ms)

========================================================================
Received Import Request.
  path: Assets/Player/Scripts/PlayerController.cs
  artifactKey: Guid(77ea7cfdf15f8624c952b8dd5873e6b3) Importer(815301076,1909f56bfc062723c751e8b465ee728b)
Start importing Assets/Player/Scripts/PlayerController.cs using Guid(77ea7cfdf15f8624c952b8dd5873e6b3) Importer(815301076,1909f56bfc062723c751e8b465ee728b)  -> (artifact id: '4a7c5fde346b1457596b72628e258d4a') in 0.037629 seconds
  Import took 0.065177 seconds .

========================================================================
Received Prepare
Registering precompiled user dll's ...
Registered in 0.005558 seconds.
Begin MonoManager ReloadAssembly
Native extension for WindowsStandalone target not found
Native extension for WebGL target not found
Refreshing native plugins compatible for Editor in 0.81 ms, found 2 plugins.
Preloading 0 native plugins for Editor in 0.00 ms.
Mono: successfully reloaded assembly
- Completed reload, in  1.328 seconds
Platform modules already initialized, skipping
Refreshing native plugins compatible for Editor in 0.81 ms, found 2 plugins.
Preloading 0 native plugins for Editor in 0.00 ms.
Unloading 3821 Unused Serialized files (Serialized files now loaded: 0)
System memory in use before: 178.9 MB.
System memory in use after: 176.0 MB.

Unloading 48 unused Assets to reduce memory usage. Loaded Objects now: 4494.
Total: 5.183300 ms (FindLiveObjects: 0.480500 ms CreateObjectMapping: 0.098000 ms MarkObjects: 2.597600 ms  DeleteObjects: 2.005400 ms)

========================================================================
Received Import Request.
  Time since last request: 23.221267 seconds.
  path: Assets/Player/Scripts/NewBehaviourScript.cs
  artifactKey: Guid(2eb60b5294c3a4c4ebe4047f52b0d8cb) Importer(815301076,1909f56bfc062723c751e8b465ee728b)
Start importing Assets/Player/Scripts/NewBehaviourScript.cs using Guid(2eb60b5294c3a4c4ebe4047f52b0d8cb) Importer(815301076,1909f56bfc062723c751e8b465ee728b)  -> (artifact id: '01c22889d4a99a78f96c7f41972aa042') in 0.010531 seconds
  Import took 0.025394 seconds .

========================================================================
Received Import Request.
  Time since last request: 6.487431 seconds.
  path: Assets/Player/Scripts/PlayerAnimationStateController.cs
  artifactKey: Guid(2eb60b5294c3a4c4ebe4047f52b0d8cb) Importer(815301076,1909f56bfc062723c751e8b465ee728b)
Start importing Assets/Player/Scripts/PlayerAnimationStateController.cs using Guid(2eb60b5294c3a4c4ebe4047f52b0d8cb) Importer(815301076,1909f56bfc062723c751e8b465ee728b)  -> (artifact id: '96a38f24a544d8078121e98d6c6e8a1a') in 0.007072 seconds
  Import took 0.028407 seconds .

========================================================================
Received Prepare
Registering precompiled user dll's ...
Registered in 0.006246 seconds.
Begin MonoManager ReloadAssembly
Native extension for WindowsStandalone target not found
Native extension for WebGL target not found
Refreshing native plugins compatible for Editor in 0.85 ms, found 2 plugins.
Preloading 0 native plugins for Editor in 0.00 ms.
Mono: successfully reloaded assembly
- Completed reload, in  1.329 seconds
Platform modules already initialized, skipping
Refreshing native plugins compatible for Editor in 0.81 ms, found 2 plugins.
Preloading 0 native plugins for Editor in 0.00 ms.
Unloading 3821 Unused Serialized files (Serialized files now loaded: 0)
System memory in use before: 179.0 MB.
System memory in use after: 176.1 MB.

Unloading 48 unused Assets to reduce memory usage. Loaded Objects now: 4497.
Total: 5.856800 ms (FindLiveObjects: 0.494400 ms CreateObjectMapping: 0.120400 ms MarkObjects: 2.740900 ms  DeleteObjects: 2.499400 ms)

========================================================================
Received Prepare
Registering precompiled user dll's ...
Registered in 0.006771 seconds.
Begin MonoManager ReloadAssembly
Native extension for WindowsStandalone target not found
Native extension for WebGL target not found
Refreshing native plugins compatible for Editor in 0.89 ms, found 2 plugins.
Preloading 0 native plugins for Editor in 0.00 ms.
Mono: successfully reloaded assembly
- Completed reload, in  1.349 seconds
Platform modules already initialized, skipping
Refreshing native plugins compatible for Editor in 1.07 ms, found 2 plugins.
Preloading 0 native plugins for Editor in 0.00 ms.
Unloading 3821 Unused Serialized files (Serialized files now loaded: 0)
System memory in use before: 179.0 MB.
System memory in use after: 176.1 MB.

Unloading 48 unused Assets to reduce memory usage. Loaded Objects now: 4500.
Total: 7.355000 ms (FindLiveObjects: 0.476600 ms CreateObjectMapping: 0.105000 ms MarkObjects: 3.752900 ms  DeleteObjects: 3.018100 ms)

========================================================================
Received Import Request.
  Time since last request: 1727.689089 seconds.
  path: Assets/Player/Scripts/PlayerAnimationStateController.cs
  artifactKey: Guid(2eb60b5294c3a4c4ebe4047f52b0d8cb) Importer(815301076,1909f56bfc062723c751e8b465ee728b)
Start importing Assets/Player/Scripts/PlayerAnimationStateController.cs using Guid(2eb60b5294c3a4c4ebe4047f52b0d8cb) Importer(815301076,1909f56bfc062723c751e8b465ee728b)  -> (artifact id: '7076c8bbc8a924a2822e0522067f35a1') in 0.008863 seconds
  Import took 0.027841 seconds .

========================================================================
Received Prepare
Registering precompiled user dll's ...
Registered in 0.005493 seconds.
Begin MonoManager ReloadAssembly
Native extension for WindowsStandalone target not found
Native extension for WebGL target not found
Refreshing native plugins compatible for Editor in 0.79 ms, found 2 plugins.
Preloading 0 native plugins for Editor in 0.00 ms.
Mono: successfully reloaded assembly
- Completed reload, in  1.291 seconds
Platform modules already initialized, skipping
Refreshing native plugins compatible for Editor in 0.87 ms, found 2 plugins.
Preloading 0 native plugins for Editor in 0.00 ms.
Unloading 3821 Unused Serialized files (Serialized files now loaded: 0)
System memory in use before: 179.0 MB.
System memory in use after: 176.1 MB.

Unloading 48 unused Assets to reduce memory usage. Loaded Objects now: 4503.
Total: 5.510800 ms (FindLiveObjects: 0.392400 ms CreateObjectMapping: 0.095200 ms MarkObjects: 2.509200 ms  DeleteObjects: 2.512800 ms)

========================================================================
Received Import Request.
  Time since last request: 19.667209 seconds.
  path: Assets/Player/Scripts/PlayerAnimationStateController.cs
  artifactKey: Guid(2eb60b5294c3a4c4ebe4047f52b0d8cb) Importer(815301076,1909f56bfc062723c751e8b465ee728b)
Start importing Assets/Player/Scripts/PlayerAnimationStateController.cs using Guid(2eb60b5294c3a4c4ebe4047f52b0d8cb) Importer(815301076,1909f56bfc062723c751e8b465ee728b)  -> (artifact id: '63e577fe97356922219bc5b0c91f95eb') in 0.008561 seconds
  Import took 0.015740 seconds .

========================================================================
Received Import Request.
  Time since last request: 23.991037 seconds.
  path: Assets/Player/Animations/PlayerAnimationController.controller
  artifactKey: Guid(3b76332ab916cc6439bb7d6ec6303e08) Importer(815301076,1909f56bfc062723c751e8b465ee728b)
Start importing Assets/Player/Animations/PlayerAnimationController.controller using Guid(3b76332ab916cc6439bb7d6ec6303e08) Importer(815301076,1909f56bfc062723c751e8b465ee728b)  -> (artifact id: 'd50d000ac3f8a2b857c55864077f57af') in 0.057745 seconds
  Import took 0.081014 seconds .

========================================================================
Received Prepare
Registering precompiled user dll's ...
Registered in 0.006321 seconds.
Begin MonoManager ReloadAssembly
Native extension for WindowsStandalone target not found
Native extension for WebGL target not found
Refreshing native plugins compatible for Editor in 0.80 ms, found 2 plugins.
Preloading 0 native plugins for Editor in 0.00 ms.
Mono: successfully reloaded assembly
- Completed reload, in  1.298 seconds
Platform modules already initialized, skipping
Refreshing native plugins compatible for Editor in 0.80 ms, found 2 plugins.
Preloading 0 native plugins for Editor in 0.00 ms.
Unloading 3821 Unused Serialized files (Serialized files now loaded: 0)
System memory in use before: 179.1 MB.
System memory in use after: 176.1 MB.

Unloading 48 unused Assets to reduce memory usage. Loaded Objects now: 4506.
Total: 5.888400 ms (FindLiveObjects: 0.420500 ms CreateObjectMapping: 0.098000 ms MarkObjects: 2.569900 ms  DeleteObjects: 2.798000 ms)

========================================================================
Received Import Request.
  Time since last request: 394.685494 seconds.
  path: Assets/SampleSceneAssets/Meshes/Props/Nature/Model/Bush_01.fbx
  artifactKey: Guid(b75e331c16b1d094692ffdc1afe41612) Importer(815301076,1909f56bfc062723c751e8b465ee728b)
Start importing Assets/SampleSceneAssets/Meshes/Props/Nature/Model/Bush_01.fbx using Guid(b75e331c16b1d094692ffdc1afe41612) Importer(815301076,1909f56bfc062723c751e8b465ee728b) Launched and connected shader compiler UnityShaderCompiler.exe after 0.09 seconds
Launched and connected shader compiler UnityShaderCompiler.exe after 0.04 seconds
Launched and connected shader compiler UnityShaderCompiler.exe after 0.04 seconds
Launched and connected shader compiler UnityShaderCompiler.exe after 0.05 seconds
Launched and connected shader compiler UnityShaderCompiler.exe after 0.04 seconds
Launched and connected shader compiler UnityShaderCompiler.exe after 0.04 seconds
Launched and connected shader compiler UnityShaderCompiler.exe after 0.11 seconds
Launched and connected shader compiler UnityShaderCompiler.exe after 0.05 seconds
Launched and connected shader compiler UnityShaderCompiler.exe after 0.04 seconds
Launched and connected shader compiler UnityShaderCompiler.exe after 0.04 seconds
Launched and connected shader compiler UnityShaderCompiler.exe after 0.04 seconds
Launched and connected shader compiler UnityShaderCompiler.exe after 0.04 seconds
Launched and connected shader compiler UnityShaderCompiler.exe after 0.04 seconds
Launched and connected shader compiler UnityShaderCompiler.exe after 0.04 seconds
Launched and connected shader compiler UnityShaderCompiler.exe after 0.05 seconds
 -> (artifact id: '90fd3844f10a62ebe88b97428ef43a05') in 2.009622 seconds
  Import took 2.035287 seconds .

========================================================================
Received Import Request.
  Time since last request: 0.000294 seconds.
  path: Assets/SampleSceneAssets/Meshes/Props/Nature/Model/Rock_A_02.fbx
  artifactKey: Guid(3bb55b9dc42e34c47b35dea94575a162) Importer(815301076,1909f56bfc062723c751e8b465ee728b)
Start importing Assets/SampleSceneAssets/Meshes/Props/Nature/Model/Rock_A_02.fbx using Guid(3bb55b9dc42e34c47b35dea94575a162) Importer(815301076,1909f56bfc062723c751e8b465ee728b)  -> (artifact id: '038d4ef61601fd48aae51e2e744db064') in 0.270407 seconds
  Import took 0.300386 seconds .

========================================================================
Received Import Request.
  Time since last request: 0.000444 seconds.
  path: Assets/SampleSceneAssets/Meshes/Props/Nature/Model/Rock_A_01.fbx
  artifactKey: Guid(05495f8d2f8d91746a6bef216c28f5d9) Importer(815301076,1909f56bfc062723c751e8b465ee728b)
Start importing Assets/SampleSceneAssets/Meshes/Props/Nature/Model/Rock_A_01.fbx using Guid(05495f8d2f8d91746a6bef216c28f5d9) Importer(815301076,1909f56bfc062723c751e8b465ee728b)  -> (artifact id: 'c8a08bca1f48f1a3bcd685ad5dce0749') in 0.121873 seconds
  Import took 0.143579 seconds .

========================================================================
Received Import Request.
  Time since last request: 0.000398 seconds.
  path: Assets/SampleSceneAssets/Meshes/Props/Nature/Model/Fern_01.fbx
  artifactKey: Guid(85161be91b7eeca488c205296f897b1e) Importer(815301076,1909f56bfc062723c751e8b465ee728b)
Start importing Assets/SampleSceneAssets/Meshes/Props/Nature/Model/Fern_01.fbx using Guid(85161be91b7eeca488c205296f897b1e) Importer(815301076,1909f56bfc062723c751e8b465ee728b)  -> (artifact id: '044952f6096f32defbbb2682d67f8a88') in 0.244576 seconds
  Import took 0.274346 seconds .

========================================================================
Received Import Request.
  Time since last request: 0.000399 seconds.
  path: Assets/SampleSceneAssets/Meshes/Props/Nature/Model/Rock_A_01.fbx
  artifactKey: Guid(05495f8d2f8d91746a6bef216c28f5d9) Importer(815301076,1909f56bfc062723c751e8b465ee728b)
Start importing Assets/SampleSceneAssets/Meshes/Props/Nature/Model/Rock_A_01.fbx using Guid(05495f8d2f8d91746a6bef216c28f5d9) Importer(815301076,1909f56bfc062723c751e8b465ee728b)  -> (artifact id: 'c8a08bca1f48f1a3bcd685ad5dce0749') in 0.106241 seconds
  Import took 0.113604 seconds .

========================================================================
Received Import Request.
  Time since last request: 0.000250 seconds.
  path: Assets/SampleSceneAssets/Meshes/Props/Nature/Model/Rock_A_03.fbx
  artifactKey: Guid(0347a2ca593e212468d38a00c0f15925) Importer(815301076,1909f56bfc062723c751e8b465ee728b)
Start importing Assets/SampleSceneAssets/Meshes/Props/Nature/Model/Rock_A_03.fbx using Guid(0347a2ca593e212468d38a00c0f15925) Importer(815301076,1909f56bfc062723c751e8b465ee728b)  -> (artifact id: '15419133d3fd1eb7a75c49852b01a920') in 0.127609 seconds
  Import took 0.140916 seconds .

========================================================================
Received Import Request.
  Time since last request: 0.001617 seconds.
  path: Assets/SampleSceneAssets/Meshes/Props/Nature/Model/Rock_A_03.fbx
  artifactKey: Guid(0347a2ca593e212468d38a00c0f15925) Importer(815301076,1909f56bfc062723c751e8b465ee728b)
Start importing Assets/SampleSceneAssets/Meshes/Props/Nature/Model/Rock_A_03.fbx using Guid(0347a2ca593e212468d38a00c0f15925) Importer(815301076,1909f56bfc062723c751e8b465ee728b)  -> (artifact id: '15419133d3fd1eb7a75c49852b01a920') in 0.103864 seconds
  Import took 0.111101 seconds .

========================================================================
Received Prepare
Registering precompiled user dll's ...
Registered in 0.005685 seconds.
Begin MonoManager ReloadAssembly
Native extension for WindowsStandalone target not found
Native extension for WebGL target not found
Refreshing native plugins compatible for Editor in 0.80 ms, found 2 plugins.
Preloading 0 native plugins for Editor in 0.00 ms.
Mono: successfully reloaded assembly
- Completed reload, in  1.452 seconds
Platform modules already initialized, skipping
Refreshing native plugins compatible for Editor in 0.82 ms, found 2 plugins.
Preloading 0 native plugins for Editor in 0.00 ms.
Unloading 3832 Unused Serialized files (Serialized files now loaded: 0)
System memory in use before: 190.2 MB.
System memory in use after: 187.6 MB.

Unloading 42 unused Assets to reduce memory usage. Loaded Objects now: 4651.
Total: 5.153700 ms (FindLiveObjects: 0.426100 ms CreateObjectMapping: 0.098700 ms MarkObjects: 2.725000 ms  DeleteObjects: 1.901700 ms)

========================================================================
Received Prepare
Registering precompiled user dll's ...
Registered in 0.005734 seconds.
Begin MonoManager ReloadAssembly
Native extension for WindowsStandalone target not found
Native extension for WebGL target not found
Refreshing native plugins compatible for Editor in 0.84 ms, found 2 plugins.
Preloading 0 native plugins for Editor in 0.00 ms.
Mono: successfully reloaded assembly
- Completed reload, in  1.412 seconds
Platform modules already initialized, skipping
Refreshing native plugins compatible for Editor in 0.87 ms, found 2 plugins.
Preloading 0 native plugins for Editor in 0.00 ms.
Unloading 3815 Unused Serialized files (Serialized files now loaded: 0)
System memory in use before: 189.0 MB.
System memory in use after: 186.5 MB.

Unloading 42 unused Assets to reduce memory usage. Loaded Objects now: 4654.
Total: 5.792900 ms (FindLiveObjects: 0.477200 ms CreateObjectMapping: 0.100400 ms MarkObjects: 2.876800 ms  DeleteObjects: 2.336600 ms)

========================================================================
Received Import Request.
  Time since last request: 214.950869 seconds.
  path: Assets/Player/Animations/Idle.fbx
  artifactKey: Guid(006ff28efe846384891c5d64d01637a3) Importer(815301076,1909f56bfc062723c751e8b465ee728b)
Start importing Assets/Player/Animations/Idle.fbx using Guid(006ff28efe846384891c5d64d01637a3) Importer(815301076,1909f56bfc062723c751e8b465ee728b)  -> (artifact id: '7b624b92f07e2e51484e43462a548df6') in 0.779039 seconds
  Import took 0.799598 seconds .

========================================================================
Received Import Request.
  Time since last request: 83.782477 seconds.
  path: Assets/Player/Animations/Idle.fbx
  artifactKey: Guid(006ff28efe846384891c5d64d01637a3) Importer(815301076,1909f56bfc062723c751e8b465ee728b)
Start importing Assets/Player/Animations/Idle.fbx using Guid(006ff28efe846384891c5d64d01637a3) Importer(815301076,1909f56bfc062723c751e8b465ee728b)  -> (artifact id: 'af79e6ece58882ba4a4621f688949a62') in 0.139793 seconds
  Import took 0.160961 seconds .

========================================================================
Received Import Request.
  Time since last request: 52.248520 seconds.
  path: Assets/Player/Animations/PlayerAnimationController.controller
  artifactKey: Guid(3b76332ab916cc6439bb7d6ec6303e08) Importer(815301076,1909f56bfc062723c751e8b465ee728b)
Start importing Assets/Player/Animations/PlayerAnimationController.controller using Guid(3b76332ab916cc6439bb7d6ec6303e08) Importer(815301076,1909f56bfc062723c751e8b465ee728b)  -> (artifact id: 'd1143eba08c0185217fda23fe6a842d8') in 0.006455 seconds
  Import took 0.025152 seconds .

========================================================================
Received Prepare
Registering precompiled user dll's ...
Registered in 0.005515 seconds.
Begin MonoManager ReloadAssembly
Native extension for WindowsStandalone target not found
Native extension for WebGL target not found
Refreshing native plugins compatible for Editor in 0.86 ms, found 2 plugins.
Preloading 0 native plugins for Editor in 0.00 ms.
Mono: successfully reloaded assembly
- Completed reload, in  1.389 seconds
Platform modules already initialized, skipping
Refreshing native plugins compatible for Editor in 0.81 ms, found 2 plugins.
Preloading 0 native plugins for Editor in 0.00 ms.
Unloading 3815 Unused Serialized files (Serialized files now loaded: 0)
System memory in use before: 203.1 MB.
System memory in use after: 200.5 MB.

Unloading 42 unused Assets to reduce memory usage. Loaded Objects now: 4792.
Total: 5.994600 ms (FindLiveObjects: 0.412100 ms CreateObjectMapping: 0.099700 ms MarkObjects: 3.193000 ms  DeleteObjects: 2.287600 ms)

========================================================================
Received Prepare
Registering precompiled user dll's ...
Registered in 0.005615 seconds.
Begin MonoManager ReloadAssembly
Native extension for WindowsStandalone target not found
Native extension for WebGL target not found
Refreshing native plugins compatible for Editor in 0.79 ms, found 2 plugins.
Preloading 0 native plugins for Editor in 0.00 ms.
Mono: successfully reloaded assembly
- Completed reload, in  1.370 seconds
Platform modules already initialized, skipping
Refreshing native plugins compatible for Editor in 0.81 ms, found 2 plugins.
Preloading 0 native plugins for Editor in 0.00 ms.
Unloading 3815 Unused Serialized files (Serialized files now loaded: 0)
System memory in use before: 203.1 MB.
System memory in use after: 200.6 MB.

Unloading 42 unused Assets to reduce memory usage. Loaded Objects now: 4795.
Total: 5.798200 ms (FindLiveObjects: 0.423800 ms CreateObjectMapping: 0.100600 ms MarkObjects: 2.921500 ms  DeleteObjects: 2.351100 ms)

========================================================================
Received Prepare
Registering precompiled user dll's ...
Registered in 0.006001 seconds.
Begin MonoManager ReloadAssembly
Native extension for WindowsStandalone target not found
Native extension for WebGL target not found
Refreshing native plugins compatible for Editor in 1.14 ms, found 2 plugins.
Preloading 0 native plugins for Editor in 0.00 ms.
Mono: successfully reloaded assembly
- Completed reload, in  1.352 seconds
Platform modules already initialized, skipping
Refreshing native plugins compatible for Editor in 0.90 ms, found 2 plugins.
Preloading 0 native plugins for Editor in 0.00 ms.
Unloading 3815 Unused Serialized files (Serialized files now loaded: 0)
System memory in use before: 203.1 MB.
System memory in use after: 200.6 MB.

Unloading 42 unused Assets to reduce memory usage. Loaded Objects now: 4798.
Total: 5.940700 ms (FindLiveObjects: 0.412600 ms CreateObjectMapping: 0.098500 ms MarkObjects: 3.020800 ms  DeleteObjects: 2.407200 ms)

========================================================================
Received Prepare
Registering precompiled user dll's ...
Registered in 0.005442 seconds.
Begin MonoManager ReloadAssembly
Native extension for WindowsStandalone target not found
Native extension for WebGL target not found
Refreshing native plugins compatible for Editor in 0.84 ms, found 2 plugins.
Preloading 0 native plugins for Editor in 0.00 ms.
Mono: successfully reloaded assembly
- Completed reload, in  1.348 seconds
Platform modules already initialized, skipping
Refreshing native plugins compatible for Editor in 0.84 ms, found 2 plugins.
Preloading 0 native plugins for Editor in 0.00 ms.
Unloading 3815 Unused Serialized files (Serialized files now loaded: 0)
System memory in use before: 203.1 MB.
System memory in use after: 200.6 MB.

Unloading 42 unused Assets to reduce memory usage. Loaded Objects now: 4801.
Total: 5.836700 ms (FindLiveObjects: 0.490500 ms CreateObjectMapping: 0.100200 ms MarkObjects: 2.893500 ms  DeleteObjects: 2.351100 ms)

========================================================================
Received Prepare
Registering precompiled user dll's ...
Registered in 0.005835 seconds.
Begin MonoManager ReloadAssembly
Native extension for WindowsStandalone target not found
Native extension for WebGL target not found
Refreshing native plugins compatible for Editor in 0.80 ms, found 2 plugins.
Preloading 0 native plugins for Editor in 0.00 ms.
Mono: successfully reloaded assembly
- Completed reload, in  1.358 seconds
Platform modules already initialized, skipping
Refreshing native plugins compatible for Editor in 0.88 ms, found 2 plugins.
Preloading 0 native plugins for Editor in 0.00 ms.
Unloading 3815 Unused Serialized files (Serialized files now loaded: 0)
System memory in use before: 203.1 MB.
System memory in use after: 200.6 MB.

Unloading 42 unused Assets to reduce memory usage. Loaded Objects now: 4804.
Total: 6.959300 ms (FindLiveObjects: 0.563900 ms CreateObjectMapping: 0.107800 ms MarkObjects: 3.716200 ms  DeleteObjects: 2.569300 ms)

AssetImportWorkerClient::OnTransportError - code=2 error=End of file
